<?xml version="1.0" encoding="UTF-8"?>
<testsuite xmlns:xsi="http://www.w3.org/2001/XMLSchema-instance" xsi:noNamespaceSchemaLocation="https://maven.apache.org/surefire/maven-surefire-plugin/xsd/surefire-test-report.xsd" version="3.0.2" name="com.example.lims.app.views.OrdersViewTest" time="5.939" tests="5" errors="0" skipped="0" failures="0">
  <properties>
[...]
</properties>
  <testcase name="testDeleteOrder" classname="com.example.lims.app.views.OrdersViewTest" time="0.481">
    <system-out><![CDATA[
  .   ____          _            __ _ _
 /\\ / ___'_ __ _ _(_)_ __  __ _ \ \ \ \
( ( )\___ | '_ | '_| | '_ \/ _` | \ \ \ \
 \\/  ___)| |_)| | | | | || (_| |  ) ) ) )
  '  |____| .__|_| |_|_| |_\__, | / / / /
 =========|_|==============|___/=/_/_/_/

 :: Spring Boot ::                (v3.4.1)

2026-03-24T16:51:06.619Z  INFO 7010 --- [vaadin-stitch] [           main] c.example.lims.app.views.OrdersViewTest  : Starting OrdersViewTest using Java 17.0.18 with PID 7010 (started by runner in /home/runner/work/vaadin-stitch/vaadin-stitch)
2026-03-24T16:51:06.622Z  INFO 7010 --- [vaadin-stitch] [           main] c.example.lims.app.views.OrdersViewTest  : The following 1 profile is active: "test"
2026-03-24T16:51:07.212Z  INFO 7010 --- [vaadin-stitch] [           main] .s.d.r.c.RepositoryConfigurationDelegate : Bootstrapping Spring Data JPA repositories in DEFAULT mode.
2026-03-24T16:51:07.331Z  INFO 7010 --- [vaadin-stitch] [           main] .s.d.r.c.RepositoryConfigurationDelegate : Finished Spring Data repository scanning in 96 ms. Found 3 JPA repository interfaces.
2026-03-24T16:51:07.951Z  INFO 7010 --- [vaadin-stitch] [           main] o.hibernate.jpa.internal.util.LogHelper  : HHH000204: Processing PersistenceUnitInfo [name: default]
2026-03-24T16:51:07.993Z  INFO 7010 --- [vaadin-stitch] [           main] org.hibernate.Version                    : HHH000412: Hibernate ORM core version 6.6.4.Final
2026-03-24T16:51:08.041Z  INFO 7010 --- [vaadin-stitch] [           main] o.h.c.internal.RegionFactoryInitiator    : HHH000026: Second-level cache disabled
2026-03-24T16:51:08.251Z  INFO 7010 --- [vaadin-stitch] [           main] o.s.o.j.p.SpringPersistenceUnitInfo      : No LoadTimeWeaver setup: ignoring JPA class transformer
2026-03-24T16:51:08.276Z  INFO 7010 --- [vaadin-stitch] [           main] com.zaxxer.hikari.HikariDataSource       : HikariPool-1 - Starting...
2026-03-24T16:51:08.416Z  INFO 7010 --- [vaadin-stitch] [           main] com.zaxxer.hikari.pool.HikariPool        : HikariPool-1 - Added connection conn0: url=jdbc:h2:mem:testdb user=SA
2026-03-24T16:51:08.417Z  INFO 7010 --- [vaadin-stitch] [           main] com.zaxxer.hikari.HikariDataSource       : HikariPool-1 - Start completed.
2026-03-24T16:51:08.445Z  WARN 7010 --- [vaadin-stitch] [           main] org.hibernate.orm.deprecation            : HHH90000025: H2Dialect does not need to be specified explicitly using 'hibernate.dialect' (remove the property setting and it will be selected by default)
2026-03-24T16:51:08.480Z  INFO 7010 --- [vaadin-stitch] [           main] org.hibernate.orm.connections.pooling    : HHH10001005: Database info:
	Database JDBC URL [Connecting through datasource 'HikariDataSource (HikariPool-1)']
	Database driver: undefined/unknown
	Database version: 2.3.232
	Autocommit mode: undefined/unknown
	Isolation level: undefined/unknown
	Minimum pool size: undefined/unknown
	Maximum pool size: undefined/unknown
2026-03-24T16:51:09.259Z  INFO 7010 --- [vaadin-stitch] [           main] o.h.e.t.j.p.i.JtaPlatformInitiator       : HHH000489: No JTA platform available (set 'hibernate.transaction.jta.platform' to enable JTA platform integration)
2026-03-24T16:51:09.313Z  INFO 7010 --- [vaadin-stitch] [           main] j.LocalContainerEntityManagerFactoryBean : Initialized JPA EntityManagerFactory for persistence unit 'default'
2026-03-24T16:51:09.571Z  INFO 7010 --- [vaadin-stitch] [           main] o.s.d.j.r.query.QueryEnhancerFactory     : Hibernate is in classpath; If applicable, HQL parser will be used.
2026-03-24T16:51:10.555Z  WARN 7010 --- [vaadin-stitch] [           main] JpaBaseConfiguration$JpaWebConfiguration : spring.jpa.open-in-view is enabled by default. Therefore, database queries may be performed during view rendering. Explicitly configure spring.jpa.open-in-view to disable this warning
2026-03-24T16:51:10.800Z  INFO 7010 --- [vaadin-stitch] [           main] org.atmosphere.cpr.AtmosphereFramework   : Installed AtmosphereHandler com.vaadin.hilla.push.PushEndpoint mapped to context-path: /HILLA/push
2026-03-24T16:51:10.800Z  INFO 7010 --- [vaadin-stitch] [           main] org.atmosphere.cpr.AtmosphereFramework   : Installed the following AtmosphereInterceptor mapped to AtmosphereHandler com.vaadin.hilla.push.PushEndpoint
2026-03-24T16:51:10.800Z  INFO 7010 --- [vaadin-stitch] [           main] org.atmosphere.cpr.AtmosphereFramework   : 	org.atmosphere.interceptor.AtmosphereResourceLifecycleInterceptor : Atmosphere LifeCycle
2026-03-24T16:51:10.800Z  INFO 7010 --- [vaadin-stitch] [           main] org.atmosphere.cpr.AtmosphereFramework   : 	org.atmosphere.client.TrackMessageSizeInterceptor :  Track Message Size Interceptor using |
2026-03-24T16:51:10.800Z  INFO 7010 --- [vaadin-stitch] [           main] org.atmosphere.cpr.AtmosphereFramework   : 	org.atmosphere.interceptor.SuspendTrackerInterceptor : UUID Tracking Interceptor
2026-03-24T16:51:10.874Z  INFO 7010 --- [vaadin-stitch] [           main] o.s.b.a.h2.H2ConsoleAutoConfiguration    : H2 console available at '/h2-console'. Database available at 'jdbc:h2:mem:testdb'
2026-03-24T16:51:10.947Z  INFO 7010 --- [vaadin-stitch] [           main] c.example.lims.app.views.OrdersViewTest  : Started OrdersViewTest in 4.638 seconds (process running for 5.514)
]]></system-out>
  </testcase>
  <testcase name="testUpdateOrderStatus" classname="com.example.lims.app.views.OrdersViewTest" time="0.036"/>
  <testcase name="testUpdateOrderNotes" classname="com.example.lims.app.views.OrdersViewTest" time="0.022"/>
  <testcase name="testCreateOrder" classname="com.example.lims.app.views.OrdersViewTest" time="0.017"/>
  <testcase name="testFindOrdersByPatient" classname="com.example.lims.app.views.OrdersViewTest" time="0.041"/>
</testsuite>